/home/patrick/Music/iTunes/iTunes Media/Music/Smashmouth/Unknown Album/Then the Morning Comes.mp3
/home/patrick/Music/iTunes/iTunes Media/Music/Smashmouth/Unknown Album/Walkin' on the Sun.mp3
/home/patrick/Music/iTunes/iTunes Media/Music/The Ramones/Unknown Album/Spider-Man.mp3
/home/patrick/Music/iTunes/iTunes Media/Music/Europe/Unknown Album/02 (Dance - Club Mix) The Final Countdown (2000 Remix).mp3
/home/patrick/Music/iTunes/iTunes Media/Music/Timbuk3/Unknown Album/Timbuk3 - My Future is so brigh.mp3
/home/patrick/Music/iTunes/iTunes Media/Music/Dead or Alive/Unknown Album/Dead or Alive - You Spin Me Right Ro.mp3
/home/patrick/Music/iTunes/iTunes Media/Music/Boston/Unknown Album/Boston - Amanda.mp3
/home/patrick/Music/iTunes/iTunes Media/Music/Blondie/Unknown Album/Blondie - Funky Town.mp3
/home/patrick/Music/iTunes/iTunes Media/Music/Unknown Artist/Pulp Fiction Soundtrack/Girl.mp3
/home/patrick/Music/iTunes/iTunes Media/Music/Unknown Artist/Unknown Album/ACDC, Def Leppard, Bon Jovi, & Guns N' Roses - Techno Mix.mp3
/home/patrick/Music/iTunes/iTunes Media/Music/Unknown Artist/Unknown Album/Cours_impots.mp3
/home/patrick/Music/iTunes/iTunes Media/Music/Unknown Artist/Unknown Album/Information Society - What's on your mind (club mix).mp3
/home/patrick/Music/iTunes/iTunes Media/Music/Unknown Artist/Unknown Album/Monty Python - Vagina Song.mp3
/home/patrick/Music/iTunes/iTunes Media/Music/Unknown Artist/Unknown Album/Yello - Oh Yeah.mp3
/home/patrick/Music/iTunes/iTunes Media/Music/Unknown Artist/Unknown Album/Apocalyptica - Imperial march.mp3
/home/patrick/Music/iTunes/iTunes Media/Music/Unknown Artist/Unknown Album/passeport.mp3
/home/patrick/Music/iTunes/iTunes Media/Music/Unknown Artist/Unknown Album/02-Goldorak - generique de 82.mp3
/home/patrick/Music/iTunes/iTunes Media/Music/Unknown Artist/Unknown Album/The Cat came back.mp3
/home/patrick/Music/iTunes/iTunes Media/Music/Unknown Artist/Unknown Album/Mind the gap.mp3
/home/patrick/Music/iTunes/iTunes Media/Music/Unknown Artist/Unknown Album/Ghost in the Shell Stand Alone Complex - 11 - Inner Universe (Opening Theme, version longue).mp3
/home/patrick/Music/iTunes/iTunes Media/Music/George Harrison/Unknown Album/Georges Harrison - My #AD3B 1.mp3
/home/patrick/Music/iTunes/iTunes Media/Music/Depeche Mode The Cure U2 NIN/Unknown Album/Into a Darkened Room.mp3
/home/patrick/Music/iTunes/iTunes Media/Music/Gary Numen/Unknown Album/Cars.mp3
/home/patrick/Music/iTunes/iTunes Media/Music/Foreigner/Unknown Album/Foreigner - I Just Died In Your Arms Tonight.mp3
/home/patrick/Music/iTunes/iTunes Media/Music/Paul Hardcastle/Unknown Album/Hardcastle, Paul - Nineteen.mp3
/home/patrick/Music/iTunes/iTunes Media/Music/Nine Inch Nails &amp;amp; Stat/Unknown Album/Closer (Trance Remix).mp3
/home/patrick/Music/iTunes/iTunes Media/Music/OMD/Unknown Album/Secret (Original 12 Inch Mix).mp3
/home/patrick/Music/iTunes/iTunes Media/Music/OMD/Unknown Album/OMD_-_Enola_Gay.mp3
/home/patrick/Music/iTunes/iTunes Media/Music/OMD/Unknown Album/If You Leave.mp3
/home/patrick/Music/iTunes/iTunes Media/Music/Pointer Sisters/Unknown Album/13 - The Pointer Sisters - Neutron Dance.mp3
/home/patrick/Music/iTunes/iTunes Media/Music/Frente!/Hit Machine 6_ Various Artists/Bizarre Love Tiangle.mp3
/home/patrick/Music/iTunes/iTunes Media/Music/Aha/Unknown Album/Take Me On.mp3
/home/patrick/Music/iTunes/iTunes Media/Music/Rock Et Belles Oreilles/Unknown Album/Légende Amérindienne.mp3
/home/patrick/Music/iTunes/iTunes Media/Music/Donna Summers/Unknown Album/Forever.mp3
/home/patrick/Music/iTunes/iTunes Media/Music/Donna Summers/Unknown Album/Donna Summer - Knock On Wood.mp3
/home/patrick/Music/iTunes/iTunes Media/Music/Dream Academy/Unknown Album/Life In A Northern Town.mp3
/home/patrick/Music/iTunes/iTunes Media/Music/Violent Femmes/Unknown Album/Kiss Off.mp3
/home/patrick/Music/iTunes/iTunes Media/Music/Violent Femmes/Unknown Album/Add it up.mp3
/home/patrick/Music/iTunes/iTunes Media/Music/Violent Femmes/Grosse Pointe Blank Soundtrack/Big Hands.mp3
/home/patrick/Music/iTunes/iTunes Media/Music/Billy Idol/Unknown Album/White Wedding.mp3
/home/patrick/Music/iTunes/iTunes Media/Music/Aimee Mann/Aimee Mann & Ani Difranco/When Doves Cry (live).mp3
/home/patrick/Music/iTunes/iTunes Media/Music/Thomas Dolby/Unknown Album/Thomas Dolby - She Bli#AD2F 2.mp3
/home/patrick/Music/iTunes/iTunes Media/Music/Buggles/Unknown Album/Buggles - Video Killed the Radio Star.mp3
/home/patrick/Music/iTunes/iTunes Media/Music/The Pixies/Unknown Album/Where Is My Mind.mp3
/home/patrick/Music/iTunes/iTunes Media/Music/Quiet Riot/Unknown Album/Quiet Riot - Come On F#AD53 1.mp3
/home/patrick/Music/iTunes/iTunes Media/Music/Moby remix - Depeche Mode/Unknown Album/World in my eyes.mp3
/home/patrick/Music/iTunes/iTunes Media/Music/Ani DiFranco/Unknown Album/(Ani DiFranco)32 flavours.mp3
/home/patrick/Music/iTunes/iTunes Media/Music/Ani DiFranco/Unknown Album/Ani Difranco - Shameless.mp3
/home/patrick/Music/iTunes/iTunes Media/Music/Jack Black/Unknown Album/Let's Get it On.mp3
/home/patrick/Music/iTunes/iTunes Media/Music/Kate Bush with David Gilmour/Unknown Album/Running Up That Hill.mp3
/home/patrick/Music/iTunes/iTunes Media/Music/Depeche Mode/Unknown Album/Enjoy the silence.mp3
/home/patrick/Music/iTunes/iTunes Media/Music/Duran Duran/Unknown Album/Duran Duran - Relax (Trance Dance Remix).mp3
/home/patrick/Music/iTunes/iTunes Media/Music/Three Dog Night/Unknown Album/One is the Lonliest Number.mp3
/home/patrick/Music/iTunes/iTunes Media/Music/Three Dog Night/Unknown Album/01 Oh, What a Night.mp3
